Start:		1627883388.347335
Command:	df --local -P | awk '{if (NR!=1) print $6}' | xargs -I '{}' find '{}' -xdev -type f -perm -4000
Output:
/sbin/mount.cifs
/bin/mount
/bin/fusermount
/bin/umount
/bin/ping
/bin/su
/usr/bin/newgrp
/usr/bin/chsh
/usr/bin/chfn
/usr/bin/newgidmap
/usr/bin/sudo
/usr/bin/gpasswd
/usr/bin/pkexec
/usr/bin/at
/usr/bin/traceroute6.iputils
/usr/bin/newuidmap
/usr/bin/passwd
/usr/lib/dbus-1.0/dbus-daemon-launch-helper
/usr/lib/eject/dmcrypt-get-device
/usr/lib/openssh/ssh-keysign
/usr/lib/x86_64-linux-gnu/lxc/lxc-user-nic
/usr/lib/policykit-1/polkit-agent-helper-1
/usr/lib/snapd/snap-confine
/usr/libexec/ssh-keysign

End:		1627883390.2987034