Start:		1627887992.2604735
Command:	find /etc/ssh -xdev -type f -name 'ssh_host_*_key.pub' -exec stat {} \;
Output:
  File: /etc/ssh/ssh_host_ed25519_key.pub
  Size: 99        	Blocks: 8          IO Block: 4096   regular file
Device: 801h/2049d	Inode: 432         Links: 1
Access: (0644/-rw-r--r--)  Uid: (    0/    root)   Gid: (    0/    root)
Access: 2021-08-02 06:46:41.813881843 +0000
Modify: 2021-08-02 06:46:41.229477155 +0000
Change: 2021-08-02 06:46:41.229477155 +0000
 Birth: -
  File: /etc/ssh/ssh_host_dsa_key.pub
  Size: 607       	Blocks: 8          IO Block: 4096   regular file
Device: 801h/2049d	Inode: 400         Links: 1
Access: (0644/-rw-r--r--)  Uid: (    0/    root)   Gid: (    0/    root)
Access: 2021-08-02 06:46:46.973887534 +0000
Modify: 2021-08-02 06:46:41.213478507 +0000
Change: 2021-08-02 06:46:41.213478507 +0000
 Birth: -
  File: /etc/ssh/ssh_host_rsa_key.pub
  Size: 399       	Blocks: 8          IO Block: 4096   regular file
Device: 801h/2049d	Inode: 236         Links: 1
Access: (0644/-rw-r--r--)  Uid: (    0/    root)   Gid: (    0/    root)
Access: 2021-08-02 06:46:41.229477155 +0000
Modify: 2021-08-02 06:46:41.193480196 +0000
Change: 2021-08-02 06:46:41.193480196 +0000
 Birth: -
  File: /etc/ssh/ssh_host_ecdsa_key.pub
  Size: 179       	Blocks: 8          IO Block: 4096   regular file
Device: 801h/2049d	Inode: 428         Links: 1
Access: (0644/-rw-r--r--)  Uid: (    0/    root)   Gid: (    0/    root)
Access: 2021-08-02 06:46:41.229477155 +0000
Modify: 2021-08-02 06:46:41.225477493 +0000
Change: 2021-08-02 06:46:41.225477493 +0000
 Birth: -

End:		1627887992.3121877