Start:		1627953019.215552
Command:	cat /etc/logrotate.d/*
Output:
/var/log/alternatives.log {
	monthly
	rotate 12
	compress
	delaycompress
	missingok
	notifempty
	create 644 root root
}
/var/log/apport.log {
       daily
       rotate 7
       delaycompress
       compress
       notifempty
       missingok
}

/var/log/apt/term.log {
  rotate 12
  monthly
  compress
  missingok
  notifempty
}

/var/log/apt/history.log {
  rotate 12
  monthly
  compress
  missingok
  notifempty
}

/var/log/clamav/freshclam.log {
     rotate 12
     weekly
     compress
     delaycompress
     missingok
     create 640  clamav adm
     postrotate
     if [ -d /run/systemd/system ]; then
         systemctl -q is-active clamav-freshclam && systemctl kill --signal=SIGHUP clamav-freshclam || true
     else
         invoke-rc.d clamav-freshclam reload-log > /dev/null || true
     fi
     endscript
     }
/var/log/dpkg.log {
	monthly
	rotate 12
	compress
	delaycompress
	missingok
	notifempty
	create 644 root root
}
/var/log/lxd/lxd.log {
       copytruncate
       daily
       rotate 7
       delaycompress
       compress
       notifempty
       missingok
}
/var/log/syslog
{
	rotate 7
	daily
	missingok
	notifempty
	delaycompress
	compress
	postrotate
		/usr/lib/rsyslog/rsyslog-rotate
	endscript
}

/var/log/mail.info
/var/log/mail.warn
/var/log/mail.err
/var/log/mail.log
/var/log/daemon.log
/var/log/kern.log
/var/log/auth.log
/var/log/user.log
/var/log/lpr.log
/var/log/cron.log
/var/log/debug
/var/log/messages
{
	rotate 4
	weekly
	missingok
	notifempty
	compress
	delaycompress
	sharedscripts
	postrotate
		/usr/lib/rsyslog/rsyslog-rotate
	endscript
}
/var/log/ubuntu-advantage.log {
    rotate 6
    monthly
    compress
    delaycompress
    missingok
    notifempty
}
/var/log/unattended-upgrades/unattended-upgrades.log 
/var/log/unattended-upgrades/unattended-upgrades-dpkg.log
/var/log/unattended-upgrades/unattended-upgrades-shutdown.log
{
  rotate 6
  monthly
  compress
  missingok
  notifempty
}
/var/log/waagent.log {
    compress
    monthly
    rotate 6
    notifempty
    missingok
}

End:		1627953019.218972