Start:		1627887992.2435527
Command:	find /etc/ssh -xdev -type f -name 'ssh_host_*_key' -exec stat {} \;
Output:
  File: /etc/ssh/ssh_host_rsa_key
  Size: 1675      	Blocks: 8          IO Block: 4096   regular file
Device: 801h/2049d	Inode: 221         Links: 1
Access: (0600/-rw-------)  Uid: (    0/    root)   Gid: (    0/    root)
Access: 2021-08-02 06:46:41.813881843 +0000
Modify: 2021-08-02 06:46:41.193480196 +0000
Change: 2021-08-02 06:46:41.193480196 +0000
 Birth: -
  File: /etc/ssh/ssh_host_dsa_key
  Size: 668       	Blocks: 8          IO Block: 4096   regular file
Device: 801h/2049d	Inode: 288         Links: 1
Access: (0600/-rw-------)  Uid: (    0/    root)   Gid: (    0/    root)
Access: 2021-08-02 06:46:41.213478507 +0000
Modify: 2021-08-02 06:46:41.213478507 +0000
Change: 2021-08-02 06:46:41.213478507 +0000
 Birth: -
  File: /etc/ssh/ssh_host_ed25519_key
  Size: 411       	Blocks: 8          IO Block: 4096   regular file
Device: 801h/2049d	Inode: 429         Links: 1
Access: (0600/-rw-------)  Uid: (    0/    root)   Gid: (    0/    root)
Access: 2021-08-02 06:46:41.813881843 +0000
Modify: 2021-08-02 06:46:41.229477155 +0000
Change: 2021-08-02 06:46:41.229477155 +0000
 Birth: -
  File: /etc/ssh/ssh_host_ecdsa_key
  Size: 227       	Blocks: 8          IO Block: 4096   regular file
Device: 801h/2049d	Inode: 427         Links: 1
Access: (0600/-rw-------)  Uid: (    0/    root)   Gid: (    0/    root)
Access: 2021-08-02 06:46:41.813881843 +0000
Modify: 2021-08-02 06:46:41.225477493 +0000
Change: 2021-08-02 06:46:41.225477493 +0000
 Birth: -

End:		1627887992.2980044