Start:		1627883386.7710419
Command:	find /etc/ssh -xdev -type f -name 'ssh_host_*_key.pub' -exec stat {} \;
Output:
  File: /etc/ssh/ssh_host_ed25519_key.pub
  Size: 94        	Blocks: 8          IO Block: 4096   regular file
Device: 811h/2065d	Inode: 2565        Links: 1
Access: (0644/-rw-r--r--)  Uid: (    0/    root)   Gid: (    0/    root)
Access: 2021-08-02 15:22:07.840727700 +1000
Modify: 2021-08-02 15:22:07.824727700 +1000
Change: 2021-08-02 15:22:07.824727700 +1000
 Birth: -
  File: /etc/ssh/ssh_host_dsa_key.pub
  Size: 602       	Blocks: 8          IO Block: 4096   regular file
Device: 811h/2065d	Inode: 915         Links: 1
Access: (0644/-rw-r--r--)  Uid: (    0/    root)   Gid: (    0/    root)
Access: 2021-08-02 15:22:16.864727700 +1000
Modify: 2021-08-02 15:22:07.800727700 +1000
Change: 2021-08-02 15:22:07.800727700 +1000
 Birth: -
  File: /etc/ssh/ssh_host_rsa_key.pub
  Size: 394       	Blocks: 8          IO Block: 4096   regular file
Device: 811h/2065d	Inode: 752         Links: 1
Access: (0644/-rw-r--r--)  Uid: (    0/    root)   Gid: (    0/    root)
Access: 2021-08-02 15:22:07.840727700 +1000
Modify: 2021-08-02 15:22:07.700727700 +1000
Change: 2021-08-02 15:22:07.700727700 +1000
 Birth: -
  File: /etc/ssh/ssh_host_ecdsa_key.pub
  Size: 174       	Blocks: 8          IO Block: 4096   regular file
Device: 811h/2065d	Inode: 920         Links: 1
Access: (0644/-rw-r--r--)  Uid: (    0/    root)   Gid: (    0/    root)
Access: 2021-08-02 15:22:07.840727700 +1000
Modify: 2021-08-02 15:22:07.816727700 +1000
Change: 2021-08-02 15:22:07.816727700 +1000
 Birth: -

End:		1627883386.8169346