Start:		1627953019.1584196
Command:	ls -l /var/log/
Output:
total 1036
-rw-r--r--  1 root      root              1545 Aug  3 10:58 alternatives.log
drwxr-xr-x  2 root      root              4096 Sep 28  2018 apparmor
drwxr-xr-x  2 root      root              4096 Aug  3 10:59 apt
drwxr-x---  2 root      adm               4096 Aug  3 10:58 audit
-rw-r-----  1 syslog    adm              81852 Aug  3 11:10 auth.log
drwxr-xr-x  3 root      root              4096 Aug  3 11:07 azure
-rw-rw----  1 root      utmp              4224 Aug  3 11:08 btmp
drwxr-xr-x  2 clamav    clamav            4096 Aug  3 10:58 clamav
-rw-r-----  1 root      adm               9832 Aug  3 11:03 cloud-init-output.log
-rw-r--r--  1 syslog    adm             304258 Aug  3 11:03 cloud-init.log
drwxr-xr-x  2 root      root              4096 Apr 21 07:36 dist-upgrade
-rw-r--r--  1 root      root            108562 Aug  3 10:59 dpkg.log
drwxr-sr-x+ 3 root      systemd-journal   4096 Aug  3 10:49 journal
-rw-r-----  1 syslog    adm             114606 Aug  3 11:04 kern.log
drwxr-xr-x  2 landscape landscape         4096 Aug  3 10:55 landscape
-rw-rw-r--  1 root      utmp            292876 Aug  3 11:09 lastlog
drwxr-xr-x  2 root      root              4096 Nov 24  2018 lxd
drwxr-x---  2 root      adm               4096 Apr 14 22:52 samba
-rw-r-----  1 syslog    adm             299352 Aug  3 11:10 syslog
-rw-------  1 root      root             64192 Aug  3 11:07 tallylog
-rw-------  1 root      root               664 Aug  3 10:55 ubuntu-advantage.log
drwxr-x---  2 root      adm               4096 Aug  3 10:55 unattended-upgrades
-rw-r--r--  1 root      root             28648 Aug  3 11:08 waagent.log
-rw-rw-r--  1 root      utmp              6144 Aug  3 11:09 wtmp

End:		1627953019.1623342