Start:		1627953019.780197
Command:	awk -F: '($1!="root" && $1!~/^\+/ && $3<'"$(awk '/^\s*UID_MIN/{print $2}' /etc/login.defs)"') {print $1}' /etc/passwd | xargs -I '{}' sudo passwd -S '{}' | awk '($2!="L" && $2!="LK") {print $1}'
Output:
/etc/host.conf: line 7: bad command `nospoof on'
/etc/host.conf: line 7: bad command `nospoof on'
/etc/host.conf: line 7: bad command `nospoof on'
/etc/host.conf: line 7: bad command `nospoof on'
/etc/host.conf: line 7: bad command `nospoof on'
/etc/host.conf: line 7: bad command `nospoof on'
/etc/host.conf: line 7: bad command `nospoof on'
/etc/host.conf: line 7: bad command `nospoof on'
/etc/host.conf: line 7: bad command `nospoof on'
/etc/host.conf: line 7: bad command `nospoof on'
/etc/host.conf: line 7: bad command `nospoof on'
/etc/host.conf: line 7: bad command `nospoof on'
/etc/host.conf: line 7: bad command `nospoof on'
/etc/host.conf: line 7: bad command `nospoof on'
/etc/host.conf: line 7: bad command `nospoof on'
/etc/host.conf: line 7: bad command `nospoof on'
/etc/host.conf: line 7: bad command `nospoof on'
/etc/host.conf: line 7: bad command `nospoof on'
/etc/host.conf: line 7: bad command `nospoof on'
/etc/host.conf: line 7: bad command `nospoof on'
/etc/host.conf: line 7: bad command `nospoof on'
/etc/host.conf: line 7: bad command `nospoof on'
/etc/host.conf: line 7: bad command `nospoof on'
/etc/host.conf: line 7: bad command `nospoof on'
/etc/host.conf: line 7: bad command `nospoof on'
/etc/host.conf: line 7: bad command `nospoof on'
/etc/host.conf: line 7: bad command `nospoof on'
/etc/host.conf: line 7: bad command `nospoof on'
/etc/host.conf: line 7: bad command `nospoof on'

End:		1627953020.1512766